Determining if the pthread_create exist failed with the following output:
Change Dir: /home/shond/Downloads/Boost_Echo_Client/cmake-build-debug/CMakeFiles/CMakeTmp

Run Build Command:"/usr/bin/make" "cmTC_5a10e/fast"
/usr/bin/make -f CMakeFiles/cmTC_5a10e.dir/build.make CMakeFiles/cmTC_5a10e.dir/build
make[1]: Entering directory '/home/shond/Downloads/Boost_Echo_Client/cmake-build-debug/CMakeFiles/CMakeTmp'
Building C object CMakeFiles/cmTC_5a10e.dir/CheckSymbolExists.c.o
/usr/bin/cc    -o CMakeFiles/cmTC_5a10e.dir/CheckSymbolExists.c.o   -c /home/shond/Downloads/Boost_Echo_Client/cmake-build-debug/CMakeFiles/CMakeTmp/CheckSymbolExists.c
Linking C executable cmTC_5a10e
/snap/clion/57/bin/cmake/linux/bin/cmake -E cmake_link_script CMakeFiles/cmTC_5a10e.dir/link.txt --verbose=1
/usr/bin/cc      -rdynamic CMakeFiles/cmTC_5a10e.dir/CheckSymbolExists.c.o  -o cmTC_5a10e 
/usr/bin/ld: CMakeFiles/cmTC_5a10e.dir/CheckSymbolExists.c.o: in function `main':
CheckSymbolExists.c:(.text+0x1b): undefined reference to `pthread_create'
collect2: error: ld returned 1 exit status
make[1]: *** [CMakeFiles/cmTC_5a10e.dir/build.make:87: cmTC_5a10e] Error 1
make[1]: Leaving directory '/home/shond/Downloads/Boost_Echo_Client/cmake-build-debug/CMakeFiles/CMakeTmp'
make: *** [Makefile:121: cmTC_5a10e/fast] Error 2

File /home/shond/Downloads/Boost_Echo_Client/cmake-build-debug/CMakeFiles/CMakeTmp/CheckSymbolExists.c:
/* */
#include <pthread.h>

int main(int argc, char** argv)
{
  (void)argv;
#ifndef pthread_create
  return ((int*)(&pthread_create))[argc];
#else
  (void)argc;
  return 0;
#endif
}

Determining if the function pthread_create exists in the pthreads failed with the following output:
Change Dir: /home/shond/Downloads/Boost_Echo_Client/cmake-build-debug/CMakeFiles/CMakeTmp

Run Build Command:"/usr/bin/make" "cmTC_f6d04/fast"
/usr/bin/make -f CMakeFiles/cmTC_f6d04.dir/build.make CMakeFiles/cmTC_f6d04.dir/build
make[1]: Entering directory '/home/shond/Downloads/Boost_Echo_Client/cmake-build-debug/CMakeFiles/CMakeTmp'
Building C object CMakeFiles/cmTC_f6d04.dir/CheckFunctionExists.c.o
/usr/bin/cc   -DCHECK_FUNCTION_EXISTS=pthread_create   -o CMakeFiles/cmTC_f6d04.dir/CheckFunctionExists.c.o   -c /snap/clion/57/bin/cmake/linux/share/cmake-3.13/Modules/CheckFunctionExists.c
Linking C executable cmTC_f6d04
/snap/clion/57/bin/cmake/linux/bin/cmake -E cmake_link_script CMakeFiles/cmTC_f6d04.dir/link.txt --verbose=1
/usr/bin/cc  -DCHECK_FUNCTION_EXISTS=pthread_create    -rdynamic CMakeFiles/cmTC_f6d04.dir/CheckFunctionExists.c.o  -o cmTC_f6d04 -lpthreads 
/usr/bin/ld: cannot find -lpthreads
collect2: error: ld returned 1 exit status
make[1]: *** [CMakeFiles/cmTC_f6d04.dir/build.make:87: cmTC_f6d04] Error 1
make[1]: Leaving directory '/home/shond/Downloads/Boost_Echo_Client/cmake-build-debug/CMakeFiles/CMakeTmp'
make: *** [Makefile:121: cmTC_f6d04/fast] Error 2


